<?xml version="1.0" encoding="UTF-8"?>
<!-- Generated by org.testng.reporters.JUnitXMLReporter -->
<testsuite hostname="DEEP-1705211512" ignored="0" name="case1" tests="4" failures="0" timestamp="03 十二月 2017 09:39:56 GMT" time="0.023" errors="0">
  <testcase name="runOtherTest1" time="0.003" classname="TestNG.TestConfiguration"/>
  <testcase name="runOtherTest2" time="0.001" classname="TestNG.TestConfiguration"/>
  <testcase name="runOtherTest1" time="0.001" classname="TestNG.TestDBConnection"/>
  <testcase name="runOtherTest2" time="0.001" classname="TestNG.TestDBConnection"/>
</testsuite> <!-- case1 -->
