<?xml version="1.0" encoding="UTF-8"?>
<!-- Generated by org.testng.reporters.JUnitXMLReporter -->
<testsuite hostname="DEEP-1705211512" ignored="0" name="Default test" tests="5" failures="0" timestamp="09 十二月 2017 05:51:31 GMT" time="0.035" errors="0">
  <testcase name="testPrimeNumberChecker" time="0.005" classname="TestNG.ParamTestWithDataProvider1"/>
  <testcase name="testPrimeNumberChecker" time="0.001" classname="TestNG.ParamTestWithDataProvider1"/>
  <testcase name="testPrimeNumberChecker" time="0.001" classname="TestNG.ParamTestWithDataProvider1"/>
  <testcase name="testPrimeNumberChecker" time="0.001" classname="TestNG.ParamTestWithDataProvider1"/>
  <testcase name="testPrimeNumberChecker" time="0.0" classname="TestNG.ParamTestWithDataProvider1"/>
</testsuite> <!-- Default test -->
