<?xml version="1.0" encoding="UTF-8"?>
<!-- Generated by org.testng.reporters.JUnitXMLReporter -->
<testsuite hostname="DEEP-1705211512" ignored="1" name="Default test" tests="1" failures="0" timestamp="03 十二月 2017 23:31:42 GMT" time="0.025" errors="0">
  <testcase name="testSalutationMessage" time="0.009" classname="TestNG.IgnoreTest"/>
  <testcase name="testPrintMessage" time="0.0" classname="TestNG.IgnoreTest">
    <ignored/>
  </testcase> <!-- testPrintMessage -->
</testsuite> <!-- Default test -->
